0 info it worked if it ends with ok
1 verbose cli [ '/usr/local/bin/node',
1 verbose cli   '/Users/wenbinke/.npm-packages/bin/npm',
1 verbose cli   'run-script',
1 verbose cli   'run' ]
2 info using npm@4.0.5
3 info using node@v7.2.1
4 verbose run-script [ 'prerun', 'run', 'postrun' ]
5 info lifecycle contacts-test@1.0.0~prerun: contacts-test@1.0.0
6 silly lifecycle contacts-test@1.0.0~prerun: no script for prerun, continuing
7 info lifecycle contacts-test@1.0.0~run: contacts-test@1.0.0
8 verbose lifecycle contacts-test@1.0.0~run: unsafe-perm in lifecycle true
9 verbose lifecycle contacts-test@1.0.0~run: PATH: /Users/wenbinke/.npm-packages/lib/node_modules/npm/bin/node-gyp-bin:/Users/wenbinke/Projects/xiaoke/contacts-test/node_modules/.bin:/Users/wenbinke/.sdkman/candidates/groovy/current/bin:/Users/wenbinke/.sdkman/candidates/gradle/current/bin:/Users/wenbinke/.npm-packages/bin:/usr/local/sbin:/usr/local/bin:/usr/local/mysql/bin:/Library/PostgreSQL/9.3/bin:/Users/wenbinke/.rvm/gems/ruby-2.1.1/bin:/Users/wenbinke/.rvm/gems/ruby-2.1.1@global/bin:/Users/wenbinke/.rvm/rubies/ruby-2.1.1/bin:/usr/bin:/bin:/usr/sbin:/sbin:/usr/local/bin:/opt/X11/bin:/Users/wenbinke/.rvm/bin:/Users/wenbinke/Library/Android/sdk/platform-tools:/Users/wenbinke/Library/Android/sdk/tools:/usr/local/Cellar/openssl/1.0.2j/bin/openssl
10 verbose lifecycle contacts-test@1.0.0~run: CWD: /Users/wenbinke/Projects/xiaoke/contacts-test
11 silly lifecycle contacts-test@1.0.0~run: Args: [ '-c', 'babel-node index.js' ]
12 silly lifecycle contacts-test@1.0.0~run: Returned: code: 1  signal: null
13 info lifecycle contacts-test@1.0.0~run: Failed to exec run script
14 verbose stack Error: contacts-test@1.0.0 run: `babel-node index.js`
14 verbose stack Exit status 1
14 verbose stack     at EventEmitter.<anonymous> (/Users/wenbinke/.npm-packages/lib/node_modules/npm/lib/utils/lifecycle.js:279:16)
14 verbose stack     at emitTwo (events.js:106:13)
14 verbose stack     at EventEmitter.emit (events.js:191:7)
14 verbose stack     at ChildProcess.<anonymous> (/Users/wenbinke/.npm-packages/lib/node_modules/npm/lib/utils/spawn.js:40:14)
14 verbose stack     at emitTwo (events.js:106:13)
14 verbose stack     at ChildProcess.emit (events.js:191:7)
14 verbose stack     at maybeClose (internal/child_process.js:885:16)
14 verbose stack     at Process.ChildProcess._handle.onexit (internal/child_process.js:226:5)
15 verbose pkgid contacts-test@1.0.0
16 verbose cwd /Users/wenbinke/Projects/xiaoke/contacts-test
17 error Darwin 16.3.0
18 error argv "/usr/local/bin/node" "/Users/wenbinke/.npm-packages/bin/npm" "run-script" "run"
19 error node v7.2.1
20 error npm  v4.0.5
21 error code ELIFECYCLE
22 error contacts-test@1.0.0 run: `babel-node index.js`
22 error Exit status 1
23 error Failed at the contacts-test@1.0.0 run script 'babel-node index.js'.
23 error Make sure you have the latest version of node.js and npm installed.
23 error If you do, this is most likely a problem with the contacts-test package,
23 error not with npm itself.
23 error Tell the author that this fails on your system:
23 error     babel-node index.js
23 error You can get information on how to open an issue for this project with:
23 error     npm bugs contacts-test
23 error Or if that isn't available, you can get their info via:
23 error     npm owner ls contacts-test
23 error There is likely additional logging output above.
24 verbose exit [ 1, true ]
